<?xml version="1.0" encoding="UTF-8"?>
<!-- Generated by org.testng.reporters.JUnitXMLReporter -->
<testsuite hostname="EVT01108NB" name="Command line test" tests="7" failures="0" timestamp="14 Jun 2018 13:46:13 GMT" time="0.14" errors="0">
  <testcase name="shouldThrowExceptionWithValidatingNonExistXmlFile" time="0.014" classname="com.javaassignment.xmlhandler.service.DtdValidationImplTest"/>
  <testcase name="shouldThrowSAXExceptionWithInvalidXmlFile" time="0.008" classname="com.javaassignment.xmlhandler.service.DtdValidationImplTest"/>
  <testcase name="shouldValidateXMLFileWithDTDSuccessfully" time="0.005" classname="com.javaassignment.xmlhandler.service.DtdValidationImplTest"/>
  <testcase name="shouldThrowExceptionWithValidatingNonExistXmlFile" time="0.005" classname="com.javaassignment.xmlhandler.service.XsdValidatorImplTest"/>
  <testcase name="shouldThrowSAXExceptionWhenXMLFileIsInvalid" time="0.005" classname="com.javaassignment.xmlhandler.service.XsdValidatorImplTest"/>
  <testcase name="shouldThrowSAXExceptionWhenXSDSchemaIsInvalid" time="0.002" classname="com.javaassignment.xmlhandler.service.XsdValidatorImplTest"/>
  <testcase name="shouldValidateXMLFileWithDTDSuccessfully" time="0.004" classname="com.javaassignment.xmlhandler.service.XsdValidatorImplTest"/>
</testsuite> <!-- Command line test -->
